********************************************************************************
* Unified simulation Tcl App stack trace dump
*
* File: .usf.tcl_error.log (Wed Apr 22 12:58:19 2026)
*
* This file is generated by the unified simulation automation and contains the
* tcl stack trace of error returned by the simulator App for the current run.
*
********************************************************************************
1
    while executing
"get_param "project.enableRevisedDirStructure""
    (procedure "xcs_get_sub_file_path" line 9)
    invoked from within
"xcs_get_sub_file_path $file_dir $ip_dir"
    (procedure "xcs_get_dynamic_sim_file_core_classic" line 26)
    invoked from within
"xcs_get_dynamic_sim_file_core_classic $full_src_file_path $a_sim_vars(dynamic_repo_dir) b_found_in_repo repo_src_file"
    (procedure "usf_get_source_from_repo" line 62)
    invoked from within
"usf_get_source_from_repo $ip_file $src_file $launch_dir b_is_static b_is_dynamic"
    (procedure "usf_get_ip_file_from_repo" line 28)
    invoked from within
"usf_get_ip_file_from_repo $ip_file $file $associated_library $a_sim_vars(s_launch_dir) b_static_ip_file"
    (procedure "usf_get_file_cmd_str" line 43)
    invoked from within
"usf_get_file_cmd_str $file $file_type false $g_files other_ver_opts"
    ("foreach" body line 7)
    invoked from within
"foreach file [get_files -quiet -compile_order sources -used_in $used_in_val -of_objects [get_filesets $target_obj]] {
        if { [xcs_is_global_incl..."
    (procedure "usf_get_files_for_compilation_behav_sim" line 162)
    invoked from within
"usf_get_files_for_compilation_behav_sim $global_files_str"
    (procedure "usf_get_files_for_compilation" line 15)
    invoked from within
"usf_get_files_for_compilation global_files_str"
    (procedure "usf_xsim_setup_simulation" line 128)
    invoked from within
"usf_xsim_setup_simulation"
    (procedure "tclapp::xilinx::xsim::setup" line 29)
    invoked from within
"tclapp::xilinx::xsim::setup { -simset sim_1 -mode behavioral -run_dir C:/Users/Tetro/Documents/FPGA_Project/2025_G/2025_G.sim/sim_1/behav/xsim -int_os..."
