INFO: [VRFC 10-2263] Analyzing Verilog file "C:/Users/Tetro/Documents/FPGA_Project/MyExample/7020_BRAM/7020_BRAM.ip_user_files/bd/design_1/ip/design_1_processing_system7_0_0_1/sim/design_1_processing_system7_0_0.v" into library xil_defaultlib
INFO: [VRFC 10-311] analyzing module design_1_processing_system7_0_0
INFO: [VRFC 10-2263] Analyzing Verilog file "C:/Users/Tetro/Documents/FPGA_Project/MyExample/7020_BRAM/7020_BRAM.ip_user_files/bd/design_1/ip/design_1_blk_mem_gen_0_0/sim/design_1_blk_mem_gen_0_0.v" into library xil_defaultlib
INFO: [VRFC 10-311] analyzing module design_1_blk_mem_gen_0_0
INFO: [VRFC 10-2263] Analyzing Verilog file "C:/Users/Tetro/Documents/FPGA_Project/MyExample/7020_BRAM/7020_BRAM.ip_user_files/bd/design_1/ip/design_1_axi_smc_0/bd_0/sim/bd_afc3.v" into library xil_defaultlib
INFO: [VRFC 10-311] analyzing module bd_afc3
INFO: [VRFC 10-311] analyzing module clk_map_imp_5Y9LOC
INFO: [VRFC 10-311] analyzing module m00_exit_pipeline_imp_1TZX5BB
INFO: [VRFC 10-311] analyzing module s00_entry_pipeline_imp_USCCV8
INFO: [VRFC 10-311] analyzing module s00_nodes_imp_Y7M43I
INFO: [VRFC 10-2263] Analyzing SystemVerilog file "C:/Users/Tetro/Documents/FPGA_Project/MyExample/7020_BRAM/7020_BRAM.ip_user_files/bd/design_1/ip/design_1_axi_smc_0/bd_0/ip/ip_2/sim/bd_afc3_s00mmu_0.sv" into library xil_defaultlib
INFO: [VRFC 10-311] analyzing module bd_afc3_s00mmu_0
INFO: [VRFC 10-2263] Analyzing SystemVerilog file "C:/Users/Tetro/Documents/FPGA_Project/MyExample/7020_BRAM/7020_BRAM.ip_user_files/bd/design_1/ip/design_1_axi_smc_0/bd_0/ip/ip_3/sim/bd_afc3_s00tr_0.sv" into library xil_defaultlib
INFO: [VRFC 10-311] analyzing module bd_afc3_s00tr_0
INFO: [VRFC 10-2263] Analyzing SystemVerilog file "C:/Users/Tetro/Documents/FPGA_Project/MyExample/7020_BRAM/7020_BRAM.ip_user_files/bd/design_1/ip/design_1_axi_smc_0/bd_0/ip/ip_4/sim/bd_afc3_s00sic_0.sv" into library xil_defaultlib
INFO: [VRFC 10-311] analyzing module bd_afc3_s00sic_0
INFO: [VRFC 10-2263] Analyzing SystemVerilog file "C:/Users/Tetro/Documents/FPGA_Project/MyExample/7020_BRAM/7020_BRAM.ip_user_files/bd/design_1/ip/design_1_axi_smc_0/bd_0/ip/ip_5/sim/bd_afc3_s00a2s_0.sv" into library xil_defaultlib
INFO: [VRFC 10-311] analyzing module bd_afc3_s00a2s_0
INFO: [VRFC 10-2263] Analyzing SystemVerilog file "C:/Users/Tetro/Documents/FPGA_Project/MyExample/7020_BRAM/7020_BRAM.ip_user_files/bd/design_1/ip/design_1_axi_smc_0/bd_0/ip/ip_6/sim/bd_afc3_sarn_0.sv" into library xil_defaultlib
INFO: [VRFC 10-311] analyzing module bd_afc3_sarn_0
INFO: [VRFC 10-2263] Analyzing SystemVerilog file "C:/Users/Tetro/Documents/FPGA_Project/MyExample/7020_BRAM/7020_BRAM.ip_user_files/bd/design_1/ip/design_1_axi_smc_0/bd_0/ip/ip_7/sim/bd_afc3_srn_0.sv" into library xil_defaultlib
INFO: [VRFC 10-311] analyzing module bd_afc3_srn_0
INFO: [VRFC 10-2263] Analyzing SystemVerilog file "C:/Users/Tetro/Documents/FPGA_Project/MyExample/7020_BRAM/7020_BRAM.ip_user_files/bd/design_1/ip/design_1_axi_smc_0/bd_0/ip/ip_8/sim/bd_afc3_sawn_0.sv" into library xil_defaultlib
INFO: [VRFC 10-311] analyzing module bd_afc3_sawn_0
INFO: [VRFC 10-2263] Analyzing SystemVerilog file "C:/Users/Tetro/Documents/FPGA_Project/MyExample/7020_BRAM/7020_BRAM.ip_user_files/bd/design_1/ip/design_1_axi_smc_0/bd_0/ip/ip_9/sim/bd_afc3_swn_0.sv" into library xil_defaultlib
INFO: [VRFC 10-311] analyzing module bd_afc3_swn_0
INFO: [VRFC 10-2263] Analyzing SystemVerilog file "C:/Users/Tetro/Documents/FPGA_Project/MyExample/7020_BRAM/7020_BRAM.ip_user_files/bd/design_1/ip/design_1_axi_smc_0/bd_0/ip/ip_10/sim/bd_afc3_sbn_0.sv" into library xil_defaultlib
INFO: [VRFC 10-311] analyzing module bd_afc3_sbn_0
INFO: [VRFC 10-2263] Analyzing SystemVerilog file "C:/Users/Tetro/Documents/FPGA_Project/MyExample/7020_BRAM/7020_BRAM.ip_user_files/bd/design_1/ip/design_1_axi_smc_0/bd_0/ip/ip_11/sim/bd_afc3_m00s2a_0.sv" into library xil_defaultlib
INFO: [VRFC 10-311] analyzing module bd_afc3_m00s2a_0
INFO: [VRFC 10-2263] Analyzing SystemVerilog file "C:/Users/Tetro/Documents/FPGA_Project/MyExample/7020_BRAM/7020_BRAM.ip_user_files/bd/design_1/ip/design_1_axi_smc_0/bd_0/ip/ip_12/sim/bd_afc3_m00e_0.sv" into library xil_defaultlib
INFO: [VRFC 10-311] analyzing module bd_afc3_m00e_0
INFO: [VRFC 10-2263] Analyzing SystemVerilog file "C:/Users/Tetro/Documents/FPGA_Project/MyExample/7020_BRAM/7020_BRAM.ip_user_files/bd/design_1/ip/design_1_axi_smc_0/sim/design_1_axi_smc_0.sv" into library xil_defaultlib
INFO: [VRFC 10-311] analyzing module design_1_axi_smc_0
INFO: [VRFC 10-2263] Analyzing Verilog file "C:/Users/Tetro/Documents/FPGA_Project/MyExample/7020_BRAM/7020_BRAM.ip_user_files/bd/design_1/sim/design_1.v" into library xil_defaultlib
INFO: [VRFC 10-311] analyzing module design_1
INFO: [VRFC 10-2263] Analyzing Verilog file "C:/Users/Tetro/Documents/FPGA_Project/MyExample/7020_BRAM/7020_BRAM.srcs/sources_1/new/bram_ctrl_my.v" into library xil_defaultlib
INFO: [VRFC 10-311] analyzing module adc_bram_sample
INFO: [VRFC 10-2263] Analyzing Verilog file "C:/Users/Tetro/Documents/FPGA_Project/MyExample/7020_BRAM/7020_BRAM.gen/sources_1/bd/design_1/hdl/design_1_wrapper.v" into library xil_defaultlib
INFO: [VRFC 10-311] analyzing module design_1_wrapper
INFO: [VRFC 10-2263] Analyzing Verilog file "C:/Users/Tetro/Documents/FPGA_Project/MyExample/7020_BRAM/7020_BRAM.srcs/sources_1/new/top.v" into library xil_defaultlib
INFO: [VRFC 10-311] analyzing module Test_Top
INFO: [VRFC 10-2263] Analyzing Verilog file "C:/Users/Tetro/Documents/FPGA_Project/MyExample/7020_BRAM/7020_BRAM.sim/sim_1/behav/xsim/glbl.v" into library xil_defaultlib
INFO: [VRFC 10-311] analyzing module glbl
INFO: [VRFC 10-163] Analyzing VHDL file "C:/Users/Tetro/Documents/FPGA_Project/MyExample/7020_BRAM/7020_BRAM.ip_user_files/bd/design_1/ip/design_1_axi_smc_0/bd_0/ip/ip_1/sim/bd_afc3_psr_aclk_0.vhd" into library xil_defaultlib
INFO: [VRFC 10-3107] analyzing entity 'bd_afc3_psr_aclk_0'
INFO: [VRFC 10-163] Analyzing VHDL file "C:/Users/Tetro/Documents/FPGA_Project/MyExample/7020_BRAM/7020_BRAM.ip_user_files/bd/design_1/ip/design_1_rst_ps7_0_50M_0/sim/design_1_rst_ps7_0_50M_0.vhd" into library xil_defaultlib
INFO: [VRFC 10-3107] analyzing entity 'design_1_rst_ps7_0_50M_0'
INFO: [VRFC 10-163] Analyzing VHDL file "C:/Users/Tetro/Documents/FPGA_Project/MyExample/7020_BRAM/7020_BRAM.ip_user_files/bd/design_1/ip/design_1_axi_bram_ctrl_0_0/sim/design_1_axi_bram_ctrl_0_0.vhd" into library xil_defaultlib
INFO: [VRFC 10-3107] analyzing entity 'design_1_axi_bram_ctrl_0_0'
